<?xml version="1.0" encoding="UTF-8"?>
<!-- Generated by org.testng.reporters.JUnitXMLReporter -->
<testsuite hostname="SureshVeerappan.home" ignored="4" name="Test1" tests="26" failures="8" timestamp="2022-04-28T16:09:09 EDT" time="89.095" errors="0">
  <testcase name="@AfterTest tearDown" time="0.779" classname="pageObjects.BaseClass">
    <failure type="org.openqa.selenium.NoSuchSessionException" message="Tried to run command without establishing a connection
Build info: version: &amp;apos;4.1.3&amp;apos;, revision: &amp;apos;7b1ebf28ef&amp;apos;
System info: host: &amp;apos;SureshVeerappan.home&amp;apos;, ip: &amp;apos;fd22:4e39:e630:1:29c3:94fb:23cb:b670%en0&amp;apos;, os.name: &amp;apos;Mac OS X&amp;apos;, os.arch: &amp;apos;x86_64&amp;apos;, os.version: &amp;apos;10.15.7&amp;apos;, java.version: &amp;apos;1.8.0_221&amp;apos;
Driver info: org.openqa.selenium.firefox.FirefoxDriver
Command: [cf6b0ba6-34f4-4eaa-85bc-e2f8e3153c8f, deleteAllCookies {}]
Capabilities {acceptInsecureCerts: true, browserName: firefox, browserVersion: 99.0.1, javascriptEnabled: true, moz:accessibilityChecks: false, moz:buildID: 20220411174855, moz:debuggerAddress: localhost:63835, moz:geckodriverVersion: 0.31.0, moz:headless: false, moz:processID: 68393, moz:profile: /var/folders/8r/f8fbm4s97fg..., moz:shutdownTimeout: 60000, moz:useNonSpecCompliantPointerOrigin: false, moz:webdriverClick: true, pageLoadStrategy: normal, platform: MAC, platformName: MAC, platformVersion: 19.6.0, proxy: Proxy(), se:cdp: ws://localhost:63835/devtoo..., se:cdpVersion: 85.0, setWindowRect: true, strictFileInteractability: false, timeouts: {implicit: 0, pageLoad: 300000, script: 30000}, unhandledPromptBehavior: dismiss and notify}
Session ID: cf6b0ba6-34f4-4eaa-85bc-e2f8e3153c8f">
      <![CDATA[org.openqa.selenium.NoSuchSessionException: Tried to run command without establishing a connection
Build info: version: '4.1.3', revision: '7b1ebf28ef'
System info: host: 'SureshVeerappan.home', ip: 'fd22:4e39:e630:1:29c3:94fb:23cb:b670%en0', os.name: 'Mac OS X', os.arch: 'x86_64', os.version: '10.15.7', java.version: '1.8.0_221'
Driver info: org.openqa.selenium.firefox.FirefoxDriver
Command: [cf6b0ba6-34f4-4eaa-85bc-e2f8e3153c8f, deleteAllCookies {}]
Capabilities {acceptInsecureCerts: true, browserName: firefox, browserVersion: 99.0.1, javascriptEnabled: true, moz:accessibilityChecks: false, moz:buildID: 20220411174855, moz:debuggerAddress: localhost:63835, moz:geckodriverVersion: 0.31.0, moz:headless: false, moz:processID: 68393, moz:profile: /var/folders/8r/f8fbm4s97fg..., moz:shutdownTimeout: 60000, moz:useNonSpecCompliantPointerOrigin: false, moz:webdriverClick: true, pageLoadStrategy: normal, platform: MAC, platformName: MAC, platformVersion: 19.6.0, proxy: Proxy(), se:cdp: ws://localhost:63835/devtoo..., se:cdpVersion: 85.0, setWindowRect: true, strictFileInteractability: false, timeouts: {implicit: 0, pageLoad: 300000, script: 30000}, unhandledPromptBehavior: dismiss and notify}
Session ID: cf6b0ba6-34f4-4eaa-85bc-e2f8e3153c8f
at org.openqa.selenium.remote.codec.w3c.W3CHttpResponseCodec.createException(W3CHttpResponseCodec.java:200)
at org.openqa.selenium.remote.codec.w3c.W3CHttpResponseCodec.decode(W3CHttpResponseCodec.java:133)
at org.openqa.selenium.remote.codec.w3c.W3CHttpResponseCodec.decode(W3CHttpResponseCodec.java:53)
at org.openqa.selenium.remote.HttpCommandExecutor.execute(HttpCommandExecutor.java:184)
at org.openqa.selenium.remote.service.DriverCommandExecutor.invokeExecute(DriverCommandExecutor.java:167)
at org.openqa.selenium.remote.service.DriverCommandExecutor.execute(DriverCommandExecutor.java:142)
at org.openqa.selenium.remote.RemoteWebDriver.execute(RemoteWebDriver.java:567)
at org.openqa.selenium.remote.RemoteWebDriver.execute(RemoteWebDriver.java:622)
at org.openqa.selenium.remote.RemoteWebDriver.execute(RemoteWebDriver.java:626)
at org.openqa.selenium.remote.RemoteWebDriver$RemoteWebDriverOptions.deleteAllCookies(RemoteWebDriver.java:787)
at pageObjects.BaseClass.tearDown(BaseClass.java:108)
at java.util.concurrent.FutureTask.run(FutureTask.java:266)
at java.util.concurrent.ThreadPoolExecutor.runWorker(ThreadPoolExecutor.java:1149)
at java.util.concurrent.ThreadPoolExecutor$Worker.run(ThreadPoolExecutor.java:624)
at java.lang.Thread.run(Thread.java:748)
... Removed 19 stack frames]]>
    </failure>
  </testcase> <!-- @AfterTest tearDown -->
  <testcase name="@AfterTest tearDown" time="5.159" classname="pageObjects.BaseClass">
    <failure type="org.openqa.selenium.NoSuchSessionException" message="Tried to run command without establishing a connection
Build info: version: &amp;apos;4.1.3&amp;apos;, revision: &amp;apos;7b1ebf28ef&amp;apos;
System info: host: &amp;apos;SureshVeerappan.home&amp;apos;, ip: &amp;apos;fd22:4e39:e630:1:29c3:94fb:23cb:b670%en0&amp;apos;, os.name: &amp;apos;Mac OS X&amp;apos;, os.arch: &amp;apos;x86_64&amp;apos;, os.version: &amp;apos;10.15.7&amp;apos;, java.version: &amp;apos;1.8.0_221&amp;apos;
Driver info: org.openqa.selenium.firefox.FirefoxDriver
Command: [cf6b0ba6-34f4-4eaa-85bc-e2f8e3153c8f, quit {}]
Capabilities {acceptInsecureCerts: true, browserName: firefox, browserVersion: 99.0.1, javascriptEnabled: true, moz:accessibilityChecks: false, moz:buildID: 20220411174855, moz:debuggerAddress: localhost:63835, moz:geckodriverVersion: 0.31.0, moz:headless: false, moz:processID: 68393, moz:profile: /var/folders/8r/f8fbm4s97fg..., moz:shutdownTimeout: 60000, moz:useNonSpecCompliantPointerOrigin: false, moz:webdriverClick: true, pageLoadStrategy: normal, platform: MAC, platformName: MAC, platformVersion: 19.6.0, proxy: Proxy(), se:cdp: ws://localhost:63835/devtoo..., se:cdpVersion: 85.0, setWindowRect: true, strictFileInteractability: false, timeouts: {implicit: 0, pageLoad: 300000, script: 30000}, unhandledPromptBehavior: dismiss and notify}
Session ID: cf6b0ba6-34f4-4eaa-85bc-e2f8e3153c8f">
      <![CDATA[org.openqa.selenium.NoSuchSessionException: Tried to run command without establishing a connection
Build info: version: '4.1.3', revision: '7b1ebf28ef'
System info: host: 'SureshVeerappan.home', ip: 'fd22:4e39:e630:1:29c3:94fb:23cb:b670%en0', os.name: 'Mac OS X', os.arch: 'x86_64', os.version: '10.15.7', java.version: '1.8.0_221'
Driver info: org.openqa.selenium.firefox.FirefoxDriver
Command: [cf6b0ba6-34f4-4eaa-85bc-e2f8e3153c8f, quit {}]
Capabilities {acceptInsecureCerts: true, browserName: firefox, browserVersion: 99.0.1, javascriptEnabled: true, moz:accessibilityChecks: false, moz:buildID: 20220411174855, moz:debuggerAddress: localhost:63835, moz:geckodriverVersion: 0.31.0, moz:headless: false, moz:processID: 68393, moz:profile: /var/folders/8r/f8fbm4s97fg..., moz:shutdownTimeout: 60000, moz:useNonSpecCompliantPointerOrigin: false, moz:webdriverClick: true, pageLoadStrategy: normal, platform: MAC, platformName: MAC, platformVersion: 19.6.0, proxy: Proxy(), se:cdp: ws://localhost:63835/devtoo..., se:cdpVersion: 85.0, setWindowRect: true, strictFileInteractability: false, timeouts: {implicit: 0, pageLoad: 300000, script: 30000}, unhandledPromptBehavior: dismiss and notify}
Session ID: cf6b0ba6-34f4-4eaa-85bc-e2f8e3153c8f
at org.openqa.selenium.remote.codec.w3c.W3CHttpResponseCodec.createException(W3CHttpResponseCodec.java:200)
at org.openqa.selenium.remote.codec.w3c.W3CHttpResponseCodec.decode(W3CHttpResponseCodec.java:133)
at org.openqa.selenium.remote.codec.w3c.W3CHttpResponseCodec.decode(W3CHttpResponseCodec.java:53)
at org.openqa.selenium.remote.HttpCommandExecutor.execute(HttpCommandExecutor.java:184)
at org.openqa.selenium.remote.service.DriverCommandExecutor.invokeExecute(DriverCommandExecutor.java:167)
at org.openqa.selenium.remote.service.DriverCommandExecutor.lambda$execute$1(DriverCommandExecutor.java:105)
at java.util.concurrent.CompletableFuture$AsyncSupply.run(CompletableFuture.java:1590)
at java.util.concurrent.ThreadPoolExecutor.runWorker(ThreadPoolExecutor.java:1149)
at java.util.concurrent.ThreadPoolExecutor$Worker.run(ThreadPoolExecutor.java:624)
at java.lang.Thread.run(Thread.java:748)
... Removed 4 stack frames]]>
    </failure>
  </testcase> <!-- @AfterTest tearDown -->
  <testcase name="login" time="1.037" classname="tests.Login">
    <skipped/>
  </testcase> <!-- login -->
  <testcase name="login" time="0.019" classname="tests.Login">
    <skipped/>
  </testcase> <!-- login -->
  <testcase name="login" time="0.006" classname="tests.Login">
    <failure type="java.lang.AssertionError" message="expected [Numpy Ninja] but found [NumpyNinja]">
      <![CDATA[java.lang.AssertionError: expected [Numpy Ninja] but found [NumpyNinja]
at tests.Login.login(Login.java:34)
at java.util.ArrayList.forEach(ArrayList.java:1257)
at java.util.concurrent.FutureTask.run(FutureTask.java:266)
at java.util.concurrent.ThreadPoolExecutor.runWorker(ThreadPoolExecutor.java:1149)
at java.util.concurrent.ThreadPoolExecutor$Worker.run(ThreadPoolExecutor.java:624)
at java.lang.Thread.run(Thread.java:748)
... Removed 24 stack frames]]>
    </failure>
  </testcase> <!-- login -->
  <testcase name="selectGraphfromDropdown" time="0.25" classname="tests.Graph">
    <skipped/>
  </testcase> <!-- selectGraphfromDropdown -->
  <testcase name="selectGraphfromDropdown" time="0.437" classname="tests.Graph">
    <skipped/>
  </testcase> <!-- selectGraphfromDropdown -->
  <testcase name="selectGraphfromDropdown" time="0.485" classname="tests.Graph">
    <failure type="org.openqa.selenium.ElementNotInteractableException" message="Element &amp;lt;a class=&amp;quot;dropdown-item&amp;quot; href=&amp;quot;/graph&amp;quot;&amp;gt; could not be scrolled into view
Build info: version: &amp;apos;4.1.3&amp;apos;, revision: &amp;apos;7b1ebf28ef&amp;apos;
System info: host: &amp;apos;SureshVeerappan.home&amp;apos;, ip: &amp;apos;fd22:4e39:e630:1:29c3:94fb:23cb:b670%en0&amp;apos;, os.name: &amp;apos;Mac OS X&amp;apos;, os.arch: &amp;apos;x86_64&amp;apos;, os.version: &amp;apos;10.15.7&amp;apos;, java.version: &amp;apos;1.8.0_221&amp;apos;
Driver info: org.openqa.selenium.firefox.FirefoxDriver
Command: [cf6b0ba6-34f4-4eaa-85bc-e2f8e3153c8f, clickElement {id=0339bae1-1e05-491f-a64e-96f72c4ca0c2}]
Capabilities {acceptInsecureCerts: true, browserName: firefox, browserVersion: 99.0.1, javascriptEnabled: true, moz:accessibilityChecks: false, moz:buildID: 20220411174855, moz:debuggerAddress: localhost:63835, moz:geckodriverVersion: 0.31.0, moz:headless: false, moz:processID: 68393, moz:profile: /var/folders/8r/f8fbm4s97fg..., moz:shutdownTimeout: 60000, moz:useNonSpecCompliantPointerOrigin: false, moz:webdriverClick: true, pageLoadStrategy: normal, platform: MAC, platformName: MAC, platformVersion: 19.6.0, proxy: Proxy(), se:cdp: ws://localhost:63835/devtoo..., se:cdpVersion: 85.0, setWindowRect: true, strictFileInteractability: false, timeouts: {implicit: 0, pageLoad: 300000, script: 30000}, unhandledPromptBehavior: dismiss and notify}
Element: [[FirefoxDriver: firefox on MAC (cf6b0ba6-34f4-4eaa-85bc-e2f8e3153c8f)] -&amp;gt; xpath: //div//a[@href=&amp;quot;/graph&amp;quot;]]
Session ID: cf6b0ba6-34f4-4eaa-85bc-e2f8e3153c8f">
      <![CDATA[org.openqa.selenium.ElementNotInteractableException: Element <a class="dropdown-item" href="/graph"> could not be scrolled into view
Build info: version: '4.1.3', revision: '7b1ebf28ef'
System info: host: 'SureshVeerappan.home', ip: 'fd22:4e39:e630:1:29c3:94fb:23cb:b670%en0', os.name: 'Mac OS X', os.arch: 'x86_64', os.version: '10.15.7', java.version: '1.8.0_221'
Driver info: org.openqa.selenium.firefox.FirefoxDriver
Command: [cf6b0ba6-34f4-4eaa-85bc-e2f8e3153c8f, clickElement {id=0339bae1-1e05-491f-a64e-96f72c4ca0c2}]
Capabilities {acceptInsecureCerts: true, browserName: firefox, browserVersion: 99.0.1, javascriptEnabled: true, moz:accessibilityChecks: false, moz:buildID: 20220411174855, moz:debuggerAddress: localhost:63835, moz:geckodriverVersion: 0.31.0, moz:headless: false, moz:processID: 68393, moz:profile: /var/folders/8r/f8fbm4s97fg..., moz:shutdownTimeout: 60000, moz:useNonSpecCompliantPointerOrigin: false, moz:webdriverClick: true, pageLoadStrategy: normal, platform: MAC, platformName: MAC, platformVersion: 19.6.0, proxy: Proxy(), se:cdp: ws://localhost:63835/devtoo..., se:cdpVersion: 85.0, setWindowRect: true, strictFileInteractability: false, timeouts: {implicit: 0, pageLoad: 300000, script: 30000}, unhandledPromptBehavior: dismiss and notify}
Element: [[FirefoxDriver: firefox on MAC (cf6b0ba6-34f4-4eaa-85bc-e2f8e3153c8f)] -> xpath: //div//a[@href="/graph"]]
Session ID: cf6b0ba6-34f4-4eaa-85bc-e2f8e3153c8f
at org.openqa.selenium.remote.codec.w3c.W3CHttpResponseCodec.createException(W3CHttpResponseCodec.java:200)
at org.openqa.selenium.remote.codec.w3c.W3CHttpResponseCodec.decode(W3CHttpResponseCodec.java:133)
at org.openqa.selenium.remote.codec.w3c.W3CHttpResponseCodec.decode(W3CHttpResponseCodec.java:53)
at org.openqa.selenium.remote.HttpCommandExecutor.execute(HttpCommandExecutor.java:184)
at org.openqa.selenium.remote.service.DriverCommandExecutor.invokeExecute(DriverCommandExecutor.java:167)
at org.openqa.selenium.remote.service.DriverCommandExecutor.execute(DriverCommandExecutor.java:142)
at org.openqa.selenium.remote.RemoteWebDriver.execute(RemoteWebDriver.java:567)
at org.openqa.selenium.remote.RemoteWebElement.execute(RemoteWebElement.java:251)
at org.openqa.selenium.remote.RemoteWebElement.click(RemoteWebElement.java:77)
at org.openqa.selenium.support.pagefactory.internal.LocatingElementHandler.invoke(LocatingElementHandler.java:52)
at com.sun.proxy.$Proxy18.click(Unknown Source)
at pageObjects.CommonLinks.selectDSFromDropdown(CommonLinks.java:62)
at tests.Graph.selectGraphfromDropdown(Graph.java:22)
at java.util.ArrayList.forEach(ArrayList.java:1257)
at java.util.concurrent.FutureTask.run(FutureTask.java:266)
at java.util.concurrent.ThreadPoolExecutor.runWorker(ThreadPoolExecutor.java:1149)
at java.util.concurrent.ThreadPoolExecutor$Worker.run(ThreadPoolExecutor.java:624)
at java.lang.Thread.run(Thread.java:748)
... Removed 26 stack frames]]>
    </failure>
  </testcase> <!-- selectGraphfromDropdown -->
  <testcase name="movetoQueuePage" time="0.801" classname="tests.Queue"/>
  <testcase name="movetoGraphExp" time="4.138" classname="tests.Graph">
    <skipped/>
  </testcase> <!-- movetoGraphExp -->
  <testcase name="movetoGraphExp" time="4.192" classname="tests.Graph">
    <skipped/>
  </testcase> <!-- movetoGraphExp -->
  <testcase name="movetoGraphExp" time="8.004" classname="tests.Graph">
    <failure type="org.openqa.selenium.NoSuchElementException" message="Unable to locate element: Graph
For documentation on this error, please visit: https://selenium.dev/exceptions/#no_such_element
Build info: version: &amp;apos;4.1.3&amp;apos;, revision: &amp;apos;7b1ebf28ef&amp;apos;
System info: host: &amp;apos;SureshVeerappan.home&amp;apos;, ip: &amp;apos;fd22:4e39:e630:1:29c3:94fb:23cb:b670%en0&amp;apos;, os.name: &amp;apos;Mac OS X&amp;apos;, os.arch: &amp;apos;x86_64&amp;apos;, os.version: &amp;apos;10.15.7&amp;apos;, java.version: &amp;apos;1.8.0_221&amp;apos;
Driver info: org.openqa.selenium.firefox.FirefoxDriver
Command: [cf6b0ba6-34f4-4eaa-85bc-e2f8e3153c8f, findElement {using=link text, value=Graph}]
Capabilities {acceptInsecureCerts: true, browserName: firefox, browserVersion: 99.0.1, javascriptEnabled: true, moz:accessibilityChecks: false, moz:buildID: 20220411174855, moz:debuggerAddress: localhost:63835, moz:geckodriverVersion: 0.31.0, moz:headless: false, moz:processID: 68393, moz:profile: /var/folders/8r/f8fbm4s97fg..., moz:shutdownTimeout: 60000, moz:useNonSpecCompliantPointerOrigin: false, moz:webdriverClick: true, pageLoadStrategy: normal, platform: MAC, platformName: MAC, platformVersion: 19.6.0, proxy: Proxy(), se:cdp: ws://localhost:63835/devtoo..., se:cdpVersion: 85.0, setWindowRect: true, strictFileInteractability: false, timeouts: {implicit: 0, pageLoad: 300000, script: 30000}, unhandledPromptBehavior: dismiss and notify}
Session ID: cf6b0ba6-34f4-4eaa-85bc-e2f8e3153c8f">
      <![CDATA[org.openqa.selenium.NoSuchElementException: Unable to locate element: Graph
For documentation on this error, please visit: https://selenium.dev/exceptions/#no_such_element
Build info: version: '4.1.3', revision: '7b1ebf28ef'
System info: host: 'SureshVeerappan.home', ip: 'fd22:4e39:e630:1:29c3:94fb:23cb:b670%en0', os.name: 'Mac OS X', os.arch: 'x86_64', os.version: '10.15.7', java.version: '1.8.0_221'
Driver info: org.openqa.selenium.firefox.FirefoxDriver
Command: [cf6b0ba6-34f4-4eaa-85bc-e2f8e3153c8f, findElement {using=link text, value=Graph}]
Capabilities {acceptInsecureCerts: true, browserName: firefox, browserVersion: 99.0.1, javascriptEnabled: true, moz:accessibilityChecks: false, moz:buildID: 20220411174855, moz:debuggerAddress: localhost:63835, moz:geckodriverVersion: 0.31.0, moz:headless: false, moz:processID: 68393, moz:profile: /var/folders/8r/f8fbm4s97fg..., moz:shutdownTimeout: 60000, moz:useNonSpecCompliantPointerOrigin: false, moz:webdriverClick: true, pageLoadStrategy: normal, platform: MAC, platformName: MAC, platformVersion: 19.6.0, proxy: Proxy(), se:cdp: ws://localhost:63835/devtoo..., se:cdpVersion: 85.0, setWindowRect: true, strictFileInteractability: false, timeouts: {implicit: 0, pageLoad: 300000, script: 30000}, unhandledPromptBehavior: dismiss and notify}
Session ID: cf6b0ba6-34f4-4eaa-85bc-e2f8e3153c8f
at org.openqa.selenium.remote.codec.w3c.W3CHttpResponseCodec.createException(W3CHttpResponseCodec.java:200)
at org.openqa.selenium.remote.codec.w3c.W3CHttpResponseCodec.decode(W3CHttpResponseCodec.java:133)
at org.openqa.selenium.remote.codec.w3c.W3CHttpResponseCodec.decode(W3CHttpResponseCodec.java:53)
at org.openqa.selenium.remote.HttpCommandExecutor.execute(HttpCommandExecutor.java:184)
at org.openqa.selenium.remote.service.DriverCommandExecutor.invokeExecute(DriverCommandExecutor.java:167)
at org.openqa.selenium.remote.service.DriverCommandExecutor.execute(DriverCommandExecutor.java:142)
at org.openqa.selenium.remote.RemoteWebDriver.execute(RemoteWebDriver.java:567)
at org.openqa.selenium.remote.ElementLocation$ElementFinder$2.findElement(ElementLocation.java:162)
at org.openqa.selenium.remote.ElementLocation.findElement(ElementLocation.java:60)
at org.openqa.selenium.remote.RemoteWebDriver.findElement(RemoteWebDriver.java:385)
at org.openqa.selenium.remote.RemoteWebDriver.findElement(RemoteWebDriver.java:377)
at org.openqa.selenium.support.pagefactory.DefaultElementLocator.findElement(DefaultElementLocator.java:70)
at org.openqa.selenium.support.pagefactory.internal.LocatingElementHandler.invoke(LocatingElementHandler.java:39)
at com.sun.proxy.$Proxy18.isEnabled(Unknown Source)
at pageObjects.GraphPage.clickOnGraph(GraphPage.java:21)
at tests.Graph.movetoGraphExp(Graph.java:37)
at java.util.ArrayList.forEach(ArrayList.java:1257)
at java.util.concurrent.FutureTask.run(FutureTask.java:266)
at java.util.concurrent.ThreadPoolExecutor.runWorker(ThreadPoolExecutor.java:1149)
at java.util.concurrent.ThreadPoolExecutor$Worker.run(ThreadPoolExecutor.java:624)
at java.lang.Thread.run(Thread.java:748)
... Removed 22 stack frames]]>
    </failure>
  </testcase> <!-- movetoGraphExp -->
  <testcase name="navigateQImplUsingList" time="3.967" classname="tests.Queue">
    <skipped/>
  </testcase> <!-- navigateQImplUsingList -->
  <testcase name="navigateQImplUsingList" time="0.366" classname="tests.Queue">
    <skipped/>
  </testcase> <!-- navigateQImplUsingList -->
  <testcase name="navigateQImplUsingList" time="0.197" classname="tests.Queue">
    <failure type="java.lang.AssertionError" message="expected [https://dsportalapp.herokuapp.com/queue/] but found [https://dsportalapp.herokuapp.com/home]">
      <![CDATA[java.lang.AssertionError: expected [https://dsportalapp.herokuapp.com/queue/] but found [https://dsportalapp.herokuapp.com/home]
at tests.Queue.navigateQImplUsingList(Queue.java:31)
at java.util.ArrayList.forEach(ArrayList.java:1257)
at java.util.concurrent.FutureTask.run(FutureTask.java:266)
at java.util.concurrent.ThreadPoolExecutor.runWorker(ThreadPoolExecutor.java:1149)
at java.util.concurrent.ThreadPoolExecutor$Worker.run(ThreadPoolExecutor.java:624)
at java.lang.Thread.run(Thread.java:748)
... Removed 24 stack frames]]>
    </failure>
  </testcase> <!-- navigateQImplUsingList -->
  <testcase name="movetoGraphrepExp" time="4.656" classname="tests.Graph">
    <skipped/>
  </testcase> <!-- movetoGraphrepExp -->
  <testcase name="movetoGraphrepExp" time="8.422" classname="tests.Graph">
    <skipped/>
  </testcase> <!-- movetoGraphrepExp -->
  <testcase name="movetoGraphrepExp" time="8.587" classname="tests.Graph">
    <failure type="org.openqa.selenium.NoSuchElementException" message="Unable to locate element: Graph Representations
For documentation on this error, please visit: https://selenium.dev/exceptions/#no_such_element
Build info: version: &amp;apos;4.1.3&amp;apos;, revision: &amp;apos;7b1ebf28ef&amp;apos;
System info: host: &amp;apos;SureshVeerappan.home&amp;apos;, ip: &amp;apos;fd22:4e39:e630:1:29c3:94fb:23cb:b670%en0&amp;apos;, os.name: &amp;apos;Mac OS X&amp;apos;, os.arch: &amp;apos;x86_64&amp;apos;, os.version: &amp;apos;10.15.7&amp;apos;, java.version: &amp;apos;1.8.0_221&amp;apos;
Driver info: org.openqa.selenium.firefox.FirefoxDriver
Command: [cf6b0ba6-34f4-4eaa-85bc-e2f8e3153c8f, findElement {using=link text, value=Graph Representations}]
Capabilities {acceptInsecureCerts: true, browserName: firefox, browserVersion: 99.0.1, javascriptEnabled: true, moz:accessibilityChecks: false, moz:buildID: 20220411174855, moz:debuggerAddress: localhost:63835, moz:geckodriverVersion: 0.31.0, moz:headless: false, moz:processID: 68393, moz:profile: /var/folders/8r/f8fbm4s97fg..., moz:shutdownTimeout: 60000, moz:useNonSpecCompliantPointerOrigin: false, moz:webdriverClick: true, pageLoadStrategy: normal, platform: MAC, platformName: MAC, platformVersion: 19.6.0, proxy: Proxy(), se:cdp: ws://localhost:63835/devtoo..., se:cdpVersion: 85.0, setWindowRect: true, strictFileInteractability: false, timeouts: {implicit: 0, pageLoad: 300000, script: 30000}, unhandledPromptBehavior: dismiss and notify}
Session ID: cf6b0ba6-34f4-4eaa-85bc-e2f8e3153c8f">
      <![CDATA[org.openqa.selenium.NoSuchElementException: Unable to locate element: Graph Representations
For documentation on this error, please visit: https://selenium.dev/exceptions/#no_such_element
Build info: version: '4.1.3', revision: '7b1ebf28ef'
System info: host: 'SureshVeerappan.home', ip: 'fd22:4e39:e630:1:29c3:94fb:23cb:b670%en0', os.name: 'Mac OS X', os.arch: 'x86_64', os.version: '10.15.7', java.version: '1.8.0_221'
Driver info: org.openqa.selenium.firefox.FirefoxDriver
Command: [cf6b0ba6-34f4-4eaa-85bc-e2f8e3153c8f, findElement {using=link text, value=Graph Representations}]
Capabilities {acceptInsecureCerts: true, browserName: firefox, browserVersion: 99.0.1, javascriptEnabled: true, moz:accessibilityChecks: false, moz:buildID: 20220411174855, moz:debuggerAddress: localhost:63835, moz:geckodriverVersion: 0.31.0, moz:headless: false, moz:processID: 68393, moz:profile: /var/folders/8r/f8fbm4s97fg..., moz:shutdownTimeout: 60000, moz:useNonSpecCompliantPointerOrigin: false, moz:webdriverClick: true, pageLoadStrategy: normal, platform: MAC, platformName: MAC, platformVersion: 19.6.0, proxy: Proxy(), se:cdp: ws://localhost:63835/devtoo..., se:cdpVersion: 85.0, setWindowRect: true, strictFileInteractability: false, timeouts: {implicit: 0, pageLoad: 300000, script: 30000}, unhandledPromptBehavior: dismiss and notify}
Session ID: cf6b0ba6-34f4-4eaa-85bc-e2f8e3153c8f
at org.openqa.selenium.remote.codec.w3c.W3CHttpResponseCodec.createException(W3CHttpResponseCodec.java:200)
at org.openqa.selenium.remote.codec.w3c.W3CHttpResponseCodec.decode(W3CHttpResponseCodec.java:133)
at org.openqa.selenium.remote.codec.w3c.W3CHttpResponseCodec.decode(W3CHttpResponseCodec.java:53)
at org.openqa.selenium.remote.HttpCommandExecutor.execute(HttpCommandExecutor.java:184)
at org.openqa.selenium.remote.service.DriverCommandExecutor.invokeExecute(DriverCommandExecutor.java:167)
at org.openqa.selenium.remote.service.DriverCommandExecutor.execute(DriverCommandExecutor.java:142)
at org.openqa.selenium.remote.RemoteWebDriver.execute(RemoteWebDriver.java:567)
at org.openqa.selenium.remote.ElementLocation$ElementFinder$2.findElement(ElementLocation.java:162)
at org.openqa.selenium.remote.ElementLocation.findElement(ElementLocation.java:60)
at org.openqa.selenium.remote.RemoteWebDriver.findElement(RemoteWebDriver.java:385)
at org.openqa.selenium.remote.RemoteWebDriver.findElement(RemoteWebDriver.java:377)
at org.openqa.selenium.support.pagefactory.DefaultElementLocator.findElement(DefaultElementLocator.java:70)
at org.openqa.selenium.support.pagefactory.internal.LocatingElementHandler.invoke(LocatingElementHandler.java:39)
at com.sun.proxy.$Proxy18.click(Unknown Source)
at pageObjects.GraphPage.clickOnGraphRep(GraphPage.java:31)
at tests.Graph.movetoGraphrepExp(Graph.java:65)
at java.util.ArrayList.forEach(ArrayList.java:1257)
at java.util.concurrent.FutureTask.run(FutureTask.java:266)
at java.util.concurrent.ThreadPoolExecutor.runWorker(ThreadPoolExecutor.java:1149)
at java.util.concurrent.ThreadPoolExecutor$Worker.run(ThreadPoolExecutor.java:624)
at java.lang.Thread.run(Thread.java:748)
... Removed 22 stack frames]]>
    </failure>
  </testcase> <!-- movetoGraphrepExp -->
  <testcase name="navigateQueueUsingCollections" time="0.307" classname="tests.Queue">
    <skipped/>
  </testcase> <!-- navigateQueueUsingCollections -->
  <testcase name="navigateQueueUsingCollections" time="3.997" classname="tests.Queue">
    <skipped/>
  </testcase> <!-- navigateQueueUsingCollections -->
  <testcase name="navigateQueueUsingCollections" time="0.012" classname="tests.Queue">
    <failure type="java.lang.AssertionError" message="expected [https://dsportalapp.herokuapp.com/queue/implementation-lists/] but found [https://dsportalapp.herokuapp.com/home]">
      <![CDATA[java.lang.AssertionError: expected [https://dsportalapp.herokuapp.com/queue/implementation-lists/] but found [https://dsportalapp.herokuapp.com/home]
at tests.Queue.navigateQueueUsingCollections(Queue.java:53)
at java.util.ArrayList.forEach(ArrayList.java:1257)
at java.util.concurrent.FutureTask.run(FutureTask.java:266)
at java.util.concurrent.ThreadPoolExecutor.runWorker(ThreadPoolExecutor.java:1149)
at java.util.concurrent.ThreadPoolExecutor$Worker.run(ThreadPoolExecutor.java:624)
at java.lang.Thread.run(Thread.java:748)
... Removed 24 stack frames]]>
    </failure>
  </testcase> <!-- navigateQueueUsingCollections -->
  <testcase name="signout" time="4.289" classname="tests.Graph"/>
  <testcase name="navigateQueueUsingArray" time="0.13" classname="tests.Queue">
    <skipped/>
  </testcase> <!-- navigateQueueUsingArray -->
  <testcase name="navigateQueueUsingArray" time="0.139" classname="tests.Queue">
    <skipped/>
  </testcase> <!-- navigateQueueUsingArray -->
  <testcase name="navigateQueueUsingArray" time="0.014" classname="tests.Queue">
    <failure type="java.lang.AssertionError" message="expected [https://dsportalapp.herokuapp.com/queue/implementation-collections/] but found [https://dsportalapp.herokuapp.com/login]">
      <![CDATA[java.lang.AssertionError: expected [https://dsportalapp.herokuapp.com/queue/implementation-collections/] but found [https://dsportalapp.herokuapp.com/login]
at tests.Queue.navigateQueueUsingArray(Queue.java:74)
at java.util.ArrayList.forEach(ArrayList.java:1257)
at java.util.concurrent.FutureTask.run(FutureTask.java:266)
at java.util.concurrent.ThreadPoolExecutor.runWorker(ThreadPoolExecutor.java:1149)
at java.util.concurrent.ThreadPoolExecutor$Worker.run(ThreadPoolExecutor.java:624)
at java.lang.Thread.run(Thread.java:748)
... Removed 24 stack frames]]>
    </failure>
  </testcase> <!-- navigateQueueUsingArray -->
  <testcase name="navigateQueueQueueOp" time="0.157" classname="tests.Queue">
    <skipped/>
  </testcase> <!-- navigateQueueQueueOp -->
  <testcase name="navigateQueueQueueOp" time="0.108" classname="tests.Queue">
    <skipped/>
  </testcase> <!-- navigateQueueQueueOp -->
  <testcase name="navigateQueueQueueOp" time="0.005" classname="tests.Queue">
    <failure type="java.lang.AssertionError" message="expected [https://dsportalapp.herokuapp.com/queue/Implementation-array/] but found [https://dsportalapp.herokuapp.com/login]">
      <![CDATA[java.lang.AssertionError: expected [https://dsportalapp.herokuapp.com/queue/Implementation-array/] but found [https://dsportalapp.herokuapp.com/login]
at tests.Queue.navigateQueueQueueOp(Queue.java:94)
at java.util.ArrayList.forEach(ArrayList.java:1257)
at java.util.concurrent.FutureTask.run(FutureTask.java:266)
at java.util.concurrent.ThreadPoolExecutor.runWorker(ThreadPoolExecutor.java:1149)
at java.util.concurrent.ThreadPoolExecutor$Worker.run(ThreadPoolExecutor.java:624)
at java.lang.Thread.run(Thread.java:748)
... Removed 24 stack frames]]>
    </failure>
  </testcase> <!-- navigateQueueQueueOp -->
  <testcase name="@BeforeTest setup" time="0.0" classname="pageObjects.BaseClass">
    <ignored/>
  </testcase> <!-- @BeforeTest setup -->
  <testcase name="@AfterTest tearDown" time="0.0" classname="pageObjects.BaseClass">
    <ignored/>
  </testcase> <!-- @AfterTest tearDown -->
  <testcase name="@AfterTest tearDown" time="0.0" classname="pageObjects.BaseClass">
    <ignored/>
  </testcase> <!-- @AfterTest tearDown -->
  <testcase name="@BeforeTest setup" time="0.0" classname="pageObjects.BaseClass">
    <ignored/>
  </testcase> <!-- @BeforeTest setup -->
</testsuite> <!-- Test1 -->
