<?xml version="1.0" encoding="UTF-8"?>
<!-- Generated by org.testng.reporters.JUnitXMLReporter -->
<testsuite hostname="SureshVeerappan.home" ignored="9" name="Test(failed)" tests="2" failures="2" timestamp="2022-04-19T18:04:46 EDT" time="10.601" errors="0">
  <testcase name="movetoGraphExp" time="5.155" classname="tests.Graph">
    <failure type="org.openqa.selenium.NoSuchElementException" message="no such element: Unable to locate element: {&amp;quot;method&amp;quot;:&amp;quot;link text&amp;quot;,&amp;quot;selector&amp;quot;:&amp;quot;Graph&amp;quot;}
  (Session info: chrome=100.0.4896.127)
For documentation on this error, please visit: https://selenium.dev/exceptions/#no_such_element
Build info: version: &amp;apos;4.1.3&amp;apos;, revision: &amp;apos;7b1ebf28ef&amp;apos;
System info: host: &amp;apos;SureshVeerappan.home&amp;apos;, ip: &amp;apos;fd22:4e39:e630:1:9890:3291:ae2a:4e5e%en0&amp;apos;, os.name: &amp;apos;Mac OS X&amp;apos;, os.arch: &amp;apos;x86_64&amp;apos;, os.version: &amp;apos;10.15.7&amp;apos;, java.version: &amp;apos;1.8.0_221&amp;apos;
Driver info: org.openqa.selenium.chrome.ChromeDriver
Command: [87493dcbd976d290c7c684e8fa131b1f, findElement {using=link text, value=Graph}]
Capabilities {acceptInsecureCerts: false, browserName: chrome, browserVersion: 100.0.4896.127, chrome: {chromedriverVersion: 100.0.4896.60 (6a5d10861ce8..., userDataDir: /var/folders/8r/f8fbm4s97fg...}, goog:chromeOptions: {debuggerAddress: localhost:58615}, javascriptEnabled: true, networkConnectionEnabled: false, pageLoadStrategy: normal, platform: MAC, platformName: MAC, proxy: Proxy(), se:cdp: ws://localhost:58615/devtoo..., se:cdpVersion: 100.0.4896.127, setWindowRect: true, strictFileInteractability: false, timeouts: {implicit: 0, pageLoad: 300000, script: 30000}, unhandledPromptBehavior: dismiss and notify, webauthn:extension:credBlob: true, webauthn:extension:largeBlob: true, webauthn:virtualAuthenticators: true}
Session ID: 87493dcbd976d290c7c684e8fa131b1f">
      <![CDATA[org.openqa.selenium.NoSuchElementException: no such element: Unable to locate element: {"method":"link text","selector":"Graph"}
  (Session info: chrome=100.0.4896.127)
For documentation on this error, please visit: https://selenium.dev/exceptions/#no_such_element
Build info: version: '4.1.3', revision: '7b1ebf28ef'
System info: host: 'SureshVeerappan.home', ip: 'fd22:4e39:e630:1:9890:3291:ae2a:4e5e%en0', os.name: 'Mac OS X', os.arch: 'x86_64', os.version: '10.15.7', java.version: '1.8.0_221'
Driver info: org.openqa.selenium.chrome.ChromeDriver
Command: [87493dcbd976d290c7c684e8fa131b1f, findElement {using=link text, value=Graph}]
Capabilities {acceptInsecureCerts: false, browserName: chrome, browserVersion: 100.0.4896.127, chrome: {chromedriverVersion: 100.0.4896.60 (6a5d10861ce8..., userDataDir: /var/folders/8r/f8fbm4s97fg...}, goog:chromeOptions: {debuggerAddress: localhost:58615}, javascriptEnabled: true, networkConnectionEnabled: false, pageLoadStrategy: normal, platform: MAC, platformName: MAC, proxy: Proxy(), se:cdp: ws://localhost:58615/devtoo..., se:cdpVersion: 100.0.4896.127, setWindowRect: true, strictFileInteractability: false, timeouts: {implicit: 0, pageLoad: 300000, script: 30000}, unhandledPromptBehavior: dismiss and notify, webauthn:extension:credBlob: true, webauthn:extension:largeBlob: true, webauthn:virtualAuthenticators: true}
Session ID: 87493dcbd976d290c7c684e8fa131b1f
at org.openqa.selenium.remote.codec.w3c.W3CHttpResponseCodec.createException(W3CHttpResponseCodec.java:200)
at org.openqa.selenium.remote.codec.w3c.W3CHttpResponseCodec.decode(W3CHttpResponseCodec.java:133)
at org.openqa.selenium.remote.codec.w3c.W3CHttpResponseCodec.decode(W3CHttpResponseCodec.java:53)
at org.openqa.selenium.remote.HttpCommandExecutor.execute(HttpCommandExecutor.java:184)
at org.openqa.selenium.remote.service.DriverCommandExecutor.invokeExecute(DriverCommandExecutor.java:167)
at org.openqa.selenium.remote.service.DriverCommandExecutor.execute(DriverCommandExecutor.java:142)
at org.openqa.selenium.remote.RemoteWebDriver.execute(RemoteWebDriver.java:567)
at org.openqa.selenium.remote.ElementLocation$ElementFinder$2.findElement(ElementLocation.java:162)
at org.openqa.selenium.remote.ElementLocation.findElement(ElementLocation.java:60)
at org.openqa.selenium.remote.RemoteWebDriver.findElement(RemoteWebDriver.java:385)
at org.openqa.selenium.remote.RemoteWebDriver.findElement(RemoteWebDriver.java:377)
at org.openqa.selenium.support.pagefactory.DefaultElementLocator.findElement(DefaultElementLocator.java:70)
at org.openqa.selenium.support.pagefactory.internal.LocatingElementHandler.invoke(LocatingElementHandler.java:39)
at com.sun.proxy.$Proxy17.isEnabled(Unknown Source)
at pageObjects.GraphPage.clickOnGraph(GraphPage.java:21)
at tests.Graph.movetoGraphExp(Graph.java:37)
at java.util.ArrayList.forEach(ArrayList.java:1257)
... Removed 31 stack frames]]>
    </failure>
  </testcase> <!-- movetoGraphExp -->
  <testcase name="navigateQueueQueueOp" time="0.015" classname="tests.Queue">
    <failure type="java.lang.AssertionError" message="expected [https://dsportalapp.herokuapp.com/queue/Implementation-array/] but found [https://dsportalapp.herokuapp.com/]">
      <![CDATA[java.lang.AssertionError: expected [https://dsportalapp.herokuapp.com/queue/Implementation-array/] but found [https://dsportalapp.herokuapp.com/]
at tests.Queue.navigateQueueQueueOp(Queue.java:74)
at java.util.ArrayList.forEach(ArrayList.java:1257)
... Removed 33 stack frames]]>
    </failure>
  </testcase> <!-- navigateQueueQueueOp -->
  <testcase name="signout" time="0.0" classname="tests.Graph">
    <ignored/>
  </testcase> <!-- signout -->
  <testcase name="movetoGraphrepExp" time="0.0" classname="tests.Graph">
    <ignored/>
  </testcase> <!-- movetoGraphrepExp -->
  <testcase name="@AfterTest tearDown" time="0.0" classname="pageObjects.BaseClass">
    <ignored/>
  </testcase> <!-- @AfterTest tearDown -->
  <testcase name="navigateQImplUsingList" time="0.0" classname="tests.Queue">
    <ignored/>
  </testcase> <!-- navigateQImplUsingList -->
  <testcase name="movetoQueuePage" time="0.0" classname="tests.Queue">
    <ignored/>
  </testcase> <!-- movetoQueuePage -->
  <testcase name="selectGraphfromDropdown" time="0.0" classname="tests.Graph">
    <ignored/>
  </testcase> <!-- selectGraphfromDropdown -->
  <testcase name="navigateQueueUsingArray" time="0.0" classname="tests.Queue">
    <ignored/>
  </testcase> <!-- navigateQueueUsingArray -->
  <testcase name="@BeforeTest setup" time="0.0" classname="pageObjects.BaseClass">
    <ignored/>
  </testcase> <!-- @BeforeTest setup -->
  <testcase name="navigateQueueUsingCollections" time="0.0" classname="tests.Queue">
    <ignored/>
  </testcase> <!-- navigateQueueUsingCollections -->
</testsuite> <!-- Test(failed) -->
