<?xml version="1.0" encoding="UTF-8"?>
<!-- Generated by org.testng.reporters.JUnitXMLReporter -->
<testsuite hostname="SureshVeerappan.home" ignored="12" name="Test1(failed)" tests="2" failures="2" timestamp="2022-04-19T18:04:56 EDT" time="10.153" errors="0">
  <testcase name="@AfterTest tearDown" time="0.853" classname="pageObjects.BaseClass">
    <failure type="org.openqa.selenium.NoSuchSessionException" message="Tried to run command without establishing a connection
Build info: version: &amp;apos;4.1.3&amp;apos;, revision: &amp;apos;7b1ebf28ef&amp;apos;
System info: host: &amp;apos;SureshVeerappan.home&amp;apos;, ip: &amp;apos;fd22:4e39:e630:1:9890:3291:ae2a:4e5e%en0&amp;apos;, os.name: &amp;apos;Mac OS X&amp;apos;, os.arch: &amp;apos;x86_64&amp;apos;, os.version: &amp;apos;10.15.7&amp;apos;, java.version: &amp;apos;1.8.0_221&amp;apos;
Driver info: org.openqa.selenium.firefox.FirefoxDriver
Command: [e0e8c2f4-1b06-471c-be09-bd8566d56706, quit {}]
Capabilities {acceptInsecureCerts: true, browserName: firefox, browserVersion: 99.0.1, javascriptEnabled: true, moz:accessibilityChecks: false, moz:buildID: 20220411174855, moz:debuggerAddress: localhost:62122, moz:geckodriverVersion: 0.31.0, moz:headless: false, moz:processID: 1144, moz:profile: /var/folders/8r/f8fbm4s97fg..., moz:shutdownTimeout: 60000, moz:useNonSpecCompliantPointerOrigin: false, moz:webdriverClick: true, pageLoadStrategy: normal, platform: MAC, platformName: MAC, platformVersion: 19.6.0, proxy: Proxy(), se:cdp: ws://localhost:62122/devtoo..., se:cdpVersion: 85.0, setWindowRect: true, strictFileInteractability: false, timeouts: {implicit: 0, pageLoad: 300000, script: 30000}, unhandledPromptBehavior: dismiss and notify}
Session ID: e0e8c2f4-1b06-471c-be09-bd8566d56706">
      <![CDATA[org.openqa.selenium.NoSuchSessionException: Tried to run command without establishing a connection
Build info: version: '4.1.3', revision: '7b1ebf28ef'
System info: host: 'SureshVeerappan.home', ip: 'fd22:4e39:e630:1:9890:3291:ae2a:4e5e%en0', os.name: 'Mac OS X', os.arch: 'x86_64', os.version: '10.15.7', java.version: '1.8.0_221'
Driver info: org.openqa.selenium.firefox.FirefoxDriver
Command: [e0e8c2f4-1b06-471c-be09-bd8566d56706, quit {}]
Capabilities {acceptInsecureCerts: true, browserName: firefox, browserVersion: 99.0.1, javascriptEnabled: true, moz:accessibilityChecks: false, moz:buildID: 20220411174855, moz:debuggerAddress: localhost:62122, moz:geckodriverVersion: 0.31.0, moz:headless: false, moz:processID: 1144, moz:profile: /var/folders/8r/f8fbm4s97fg..., moz:shutdownTimeout: 60000, moz:useNonSpecCompliantPointerOrigin: false, moz:webdriverClick: true, pageLoadStrategy: normal, platform: MAC, platformName: MAC, platformVersion: 19.6.0, proxy: Proxy(), se:cdp: ws://localhost:62122/devtoo..., se:cdpVersion: 85.0, setWindowRect: true, strictFileInteractability: false, timeouts: {implicit: 0, pageLoad: 300000, script: 30000}, unhandledPromptBehavior: dismiss and notify}
Session ID: e0e8c2f4-1b06-471c-be09-bd8566d56706
at org.openqa.selenium.remote.codec.w3c.W3CHttpResponseCodec.createException(W3CHttpResponseCodec.java:200)
at org.openqa.selenium.remote.codec.w3c.W3CHttpResponseCodec.decode(W3CHttpResponseCodec.java:133)
at org.openqa.selenium.remote.codec.w3c.W3CHttpResponseCodec.decode(W3CHttpResponseCodec.java:53)
at org.openqa.selenium.remote.HttpCommandExecutor.execute(HttpCommandExecutor.java:184)
at org.openqa.selenium.remote.service.DriverCommandExecutor.invokeExecute(DriverCommandExecutor.java:167)
at org.openqa.selenium.remote.service.DriverCommandExecutor.lambda$execute$1(DriverCommandExecutor.java:105)
at java.util.concurrent.CompletableFuture$AsyncSupply.run(CompletableFuture.java:1590)
at java.util.concurrent.ThreadPoolExecutor.runWorker(ThreadPoolExecutor.java:1149)
at java.util.concurrent.ThreadPoolExecutor$Worker.run(ThreadPoolExecutor.java:624)
at java.lang.Thread.run(Thread.java:748)
... Removed 4 stack frames]]>
    </failure>
  </testcase> <!-- @AfterTest tearDown -->
  <testcase name="movetoGraphExp" time="5.023" classname="tests.Graph">
    <failure type="org.openqa.selenium.NoSuchElementException" message="Unable to locate element: Graph
For documentation on this error, please visit: https://selenium.dev/exceptions/#no_such_element
Build info: version: &amp;apos;4.1.3&amp;apos;, revision: &amp;apos;7b1ebf28ef&amp;apos;
System info: host: &amp;apos;SureshVeerappan.home&amp;apos;, ip: &amp;apos;fd22:4e39:e630:1:9890:3291:ae2a:4e5e%en0&amp;apos;, os.name: &amp;apos;Mac OS X&amp;apos;, os.arch: &amp;apos;x86_64&amp;apos;, os.version: &amp;apos;10.15.7&amp;apos;, java.version: &amp;apos;1.8.0_221&amp;apos;
Driver info: org.openqa.selenium.firefox.FirefoxDriver
Command: [e0e8c2f4-1b06-471c-be09-bd8566d56706, findElement {using=link text, value=Graph}]
Capabilities {acceptInsecureCerts: true, browserName: firefox, browserVersion: 99.0.1, javascriptEnabled: true, moz:accessibilityChecks: false, moz:buildID: 20220411174855, moz:debuggerAddress: localhost:62122, moz:geckodriverVersion: 0.31.0, moz:headless: false, moz:processID: 1144, moz:profile: /var/folders/8r/f8fbm4s97fg..., moz:shutdownTimeout: 60000, moz:useNonSpecCompliantPointerOrigin: false, moz:webdriverClick: true, pageLoadStrategy: normal, platform: MAC, platformName: MAC, platformVersion: 19.6.0, proxy: Proxy(), se:cdp: ws://localhost:62122/devtoo..., se:cdpVersion: 85.0, setWindowRect: true, strictFileInteractability: false, timeouts: {implicit: 0, pageLoad: 300000, script: 30000}, unhandledPromptBehavior: dismiss and notify}
Session ID: e0e8c2f4-1b06-471c-be09-bd8566d56706">
      <![CDATA[org.openqa.selenium.NoSuchElementException: Unable to locate element: Graph
For documentation on this error, please visit: https://selenium.dev/exceptions/#no_such_element
Build info: version: '4.1.3', revision: '7b1ebf28ef'
System info: host: 'SureshVeerappan.home', ip: 'fd22:4e39:e630:1:9890:3291:ae2a:4e5e%en0', os.name: 'Mac OS X', os.arch: 'x86_64', os.version: '10.15.7', java.version: '1.8.0_221'
Driver info: org.openqa.selenium.firefox.FirefoxDriver
Command: [e0e8c2f4-1b06-471c-be09-bd8566d56706, findElement {using=link text, value=Graph}]
Capabilities {acceptInsecureCerts: true, browserName: firefox, browserVersion: 99.0.1, javascriptEnabled: true, moz:accessibilityChecks: false, moz:buildID: 20220411174855, moz:debuggerAddress: localhost:62122, moz:geckodriverVersion: 0.31.0, moz:headless: false, moz:processID: 1144, moz:profile: /var/folders/8r/f8fbm4s97fg..., moz:shutdownTimeout: 60000, moz:useNonSpecCompliantPointerOrigin: false, moz:webdriverClick: true, pageLoadStrategy: normal, platform: MAC, platformName: MAC, platformVersion: 19.6.0, proxy: Proxy(), se:cdp: ws://localhost:62122/devtoo..., se:cdpVersion: 85.0, setWindowRect: true, strictFileInteractability: false, timeouts: {implicit: 0, pageLoad: 300000, script: 30000}, unhandledPromptBehavior: dismiss and notify}
Session ID: e0e8c2f4-1b06-471c-be09-bd8566d56706
at org.openqa.selenium.remote.codec.w3c.W3CHttpResponseCodec.createException(W3CHttpResponseCodec.java:200)
at org.openqa.selenium.remote.codec.w3c.W3CHttpResponseCodec.decode(W3CHttpResponseCodec.java:133)
at org.openqa.selenium.remote.codec.w3c.W3CHttpResponseCodec.decode(W3CHttpResponseCodec.java:53)
at org.openqa.selenium.remote.HttpCommandExecutor.execute(HttpCommandExecutor.java:184)
at org.openqa.selenium.remote.service.DriverCommandExecutor.invokeExecute(DriverCommandExecutor.java:167)
at org.openqa.selenium.remote.service.DriverCommandExecutor.execute(DriverCommandExecutor.java:142)
at org.openqa.selenium.remote.RemoteWebDriver.execute(RemoteWebDriver.java:567)
at org.openqa.selenium.remote.ElementLocation$ElementFinder$2.findElement(ElementLocation.java:162)
at org.openqa.selenium.remote.ElementLocation.findElement(ElementLocation.java:60)
at org.openqa.selenium.remote.RemoteWebDriver.findElement(RemoteWebDriver.java:385)
at org.openqa.selenium.remote.RemoteWebDriver.findElement(RemoteWebDriver.java:377)
at org.openqa.selenium.support.pagefactory.DefaultElementLocator.findElement(DefaultElementLocator.java:70)
at org.openqa.selenium.support.pagefactory.internal.LocatingElementHandler.invoke(LocatingElementHandler.java:39)
at com.sun.proxy.$Proxy17.isEnabled(Unknown Source)
at pageObjects.GraphPage.clickOnGraph(GraphPage.java:21)
at tests.Graph.movetoGraphExp(Graph.java:37)
at java.util.ArrayList.forEach(ArrayList.java:1257)
... Removed 31 stack frames]]>
    </failure>
  </testcase> <!-- movetoGraphExp -->
  <testcase name="navigateQueueQueueOp" time="0.012" classname="tests.Queue">
    <failure type="java.lang.AssertionError" message="expected [https://dsportalapp.herokuapp.com/queue/Implementation-array/] but found [https://dsportalapp.herokuapp.com/]">
      <![CDATA[java.lang.AssertionError: expected [https://dsportalapp.herokuapp.com/queue/Implementation-array/] but found [https://dsportalapp.herokuapp.com/]
at tests.Queue.navigateQueueQueueOp(Queue.java:74)
at java.util.ArrayList.forEach(ArrayList.java:1257)
... Removed 33 stack frames]]>
    </failure>
  </testcase> <!-- navigateQueueQueueOp -->
  <testcase name="navigateQImplUsingList" time="0.0" classname="tests.Queue">
    <ignored/>
  </testcase> <!-- navigateQImplUsingList -->
  <testcase name="navigateQueueUsingArray" time="0.0" classname="tests.Queue">
    <ignored/>
  </testcase> <!-- navigateQueueUsingArray -->
  <testcase name="@BeforeTest setup" time="0.0" classname="pageObjects.BaseClass">
    <ignored/>
  </testcase> <!-- @BeforeTest setup -->
  <testcase name="navigateQueueUsingCollections" time="0.0" classname="tests.Queue">
    <ignored/>
  </testcase> <!-- navigateQueueUsingCollections -->
  <testcase name="@AfterTest tearDown" time="0.0" classname="pageObjects.BaseClass">
    <ignored/>
  </testcase> <!-- @AfterTest tearDown -->
  <testcase name="movetoGraphrepExp" time="0.0" classname="tests.Graph">
    <ignored/>
  </testcase> <!-- movetoGraphrepExp -->
  <testcase name="signout" time="0.0" classname="tests.Graph">
    <ignored/>
  </testcase> <!-- signout -->
  <testcase name="@AfterTest tearDown" time="0.0" classname="pageObjects.BaseClass">
    <ignored/>
  </testcase> <!-- @AfterTest tearDown -->
  <testcase name="selectGraphfromDropdown" time="0.0" classname="tests.Graph">
    <ignored/>
  </testcase> <!-- selectGraphfromDropdown -->
  <testcase name="movetoQueuePage" time="0.0" classname="tests.Queue">
    <ignored/>
  </testcase> <!-- movetoQueuePage -->
  <testcase name="@BeforeTest setup" time="0.0" classname="pageObjects.BaseClass">
    <ignored/>
  </testcase> <!-- @BeforeTest setup -->
  <testcase name="login" time="0.0" classname="tests.Login">
    <ignored/>
  </testcase> <!-- login -->
</testsuite> <!-- Test1(failed) -->
